0 info it worked if it ends with ok
1 verbose cli [ '/home/sujan/.nvm/versions/node/v6.9.1/bin/node',
1 verbose cli   '/home/sujan/.nvm/versions/node/v6.9.1/bin/npm',
1 verbose cli   'start' ]
2 info using npm@3.10.8
3 info using node@v6.9.1
4 verbose run-script [ 'prestart', 'start', 'poststart' ]
5 info lifecycle basic-crud-in-nodejs@0.0.0~prestart: basic-crud-in-nodejs@0.0.0
6 silly lifecycle basic-crud-in-nodejs@0.0.0~prestart: no script for prestart, continuing
7 info lifecycle basic-crud-in-nodejs@0.0.0~start: basic-crud-in-nodejs@0.0.0
8 verbose lifecycle basic-crud-in-nodejs@0.0.0~start: unsafe-perm in lifecycle true
9 verbose lifecycle basic-crud-in-nodejs@0.0.0~start: PATH: /home/sujan/.nvm/versions/node/v6.9.1/lib/node_modules/npm/bin/node-gyp-bin:/home/sujan/Projects/basic-crud-in-nodejs/node_modules/.bin:/home/sujan/.nvm/versions/node/v6.9.1/bin:/home/sujan/bin:/home/sujan/.local/bin:/usr/local/sbin:/usr/local/bin:/usr/sbin:/usr/bin:/sbin:/bin:/usr/games:/usr/local/games:/snap/bin
10 verbose lifecycle basic-crud-in-nodejs@0.0.0~start: CWD: /home/sujan/Projects/basic-crud-in-nodejs
11 silly lifecycle basic-crud-in-nodejs@0.0.0~start: Args: [ '-c', 'node ./bin/www' ]
12 silly lifecycle basic-crud-in-nodejs@0.0.0~start: Returned: code: 1  signal: null
13 info lifecycle basic-crud-in-nodejs@0.0.0~start: Failed to exec start script
14 verbose stack Error: basic-crud-in-nodejs@0.0.0 start: `node ./bin/www`
14 verbose stack Exit status 1
14 verbose stack     at EventEmitter.<anonymous> (/home/sujan/.nvm/versions/node/v6.9.1/lib/node_modules/npm/lib/utils/lifecycle.js:255:16)
14 verbose stack     at emitTwo (events.js:106:13)
14 verbose stack     at EventEmitter.emit (events.js:191:7)
14 verbose stack     at ChildProcess.<anonymous> (/home/sujan/.nvm/versions/node/v6.9.1/lib/node_modules/npm/lib/utils/spawn.js:40:14)
14 verbose stack     at emitTwo (events.js:106:13)
14 verbose stack     at ChildProcess.emit (events.js:191:7)
14 verbose stack     at maybeClose (internal/child_process.js:877:16)
14 verbose stack     at Process.ChildProcess._handle.onexit (internal/child_process.js:226:5)
15 verbose pkgid basic-crud-in-nodejs@0.0.0
16 verbose cwd /home/sujan/Projects/basic-crud-in-nodejs
17 error Linux 4.10.0-38-generic
18 error argv "/home/sujan/.nvm/versions/node/v6.9.1/bin/node" "/home/sujan/.nvm/versions/node/v6.9.1/bin/npm" "start"
19 error node v6.9.1
20 error npm  v3.10.8
21 error code ELIFECYCLE
22 error basic-crud-in-nodejs@0.0.0 start: `node ./bin/www`
22 error Exit status 1
23 error Failed at the basic-crud-in-nodejs@0.0.0 start script 'node ./bin/www'.
23 error Make sure you have the latest version of node.js and npm installed.
23 error If you do, this is most likely a problem with the basic-crud-in-nodejs package,
23 error not with npm itself.
23 error Tell the author that this fails on your system:
23 error     node ./bin/www
23 error You can get information on how to open an issue for this project with:
23 error     npm bugs basic-crud-in-nodejs
23 error Or if that isn't available, you can get their info via:
23 error     npm owner ls basic-crud-in-nodejs
23 error There is likely additional logging output above.
24 verbose exit [ 1, true ]
